c:\users\sakaino.terumi\desktop\就職作品3d\debug\vc141.pdb
c:\users\sakaino.terumi\desktop\就職作品3d\debug\vc141.idb
c:\users\sakaino.terumi\desktop\就職作品3d\debug\title.obj
c:\users\sakaino.terumi\desktop\就職作品3d\debug\timer.obj
c:\users\sakaino.terumi\desktop\就職作品3d\debug\sound.obj
c:\users\sakaino.terumi\desktop\就職作品3d\debug\shadow.obj
c:\users\sakaino.terumi\desktop\就職作品3d\debug\score.obj
c:\users\sakaino.terumi\desktop\就職作品3d\debug\result.obj
c:\users\sakaino.terumi\desktop\就職作品3d\debug\player.obj
c:\users\sakaino.terumi\desktop\就職作品3d\debug\meshwall.obj
c:\users\sakaino.terumi\desktop\就職作品3d\debug\meshfield.obj
c:\users\sakaino.terumi\desktop\就職作品3d\debug\main.obj
c:\users\sakaino.terumi\desktop\就職作品3d\debug\light.obj
c:\users\sakaino.terumi\desktop\就職作品3d\debug\life.obj
c:\users\sakaino.terumi\desktop\就職作品3d\debug\item.obj
c:\users\sakaino.terumi\desktop\就職作品3d\debug\input.obj
c:\users\sakaino.terumi\desktop\就職作品3d\debug\game.obj
c:\users\sakaino.terumi\desktop\就職作品3d\debug\fade.obj
c:\users\sakaino.terumi\desktop\就職作品3d\debug\explosion.obj
c:\users\sakaino.terumi\desktop\就職作品3d\debug\effect.obj
c:\users\sakaino.terumi\desktop\就職作品3d\debug\camera.obj
c:\users\sakaino.terumi\desktop\就職作品3d\debug\bullet.obj
c:\users\sakaino.terumi\desktop\就職作品3d\debug\shushokusakuhin3d.exe
c:\users\sakaino.terumi\desktop\就職作品3d\debug\shushokusakuhin3d.ilk
c:\users\sakaino.terumi\desktop\就職作品3d\debug\shushokusakuhin3d.pdb
c:\users\sakaino.terumi\desktop\就職作品3d\debug\shushoku.2ed69552.tlog\cl.command.1.tlog
c:\users\sakaino.terumi\desktop\就職作品3d\debug\shushoku.2ed69552.tlog\cl.read.1.tlog
c:\users\sakaino.terumi\desktop\就職作品3d\debug\shushoku.2ed69552.tlog\cl.write.1.tlog
c:\users\sakaino.terumi\desktop\就職作品3d\debug\shushoku.2ed69552.tlog\link.command.1.tlog
c:\users\sakaino.terumi\desktop\就職作品3d\debug\shushoku.2ed69552.tlog\link.read.1.tlog
c:\users\sakaino.terumi\desktop\就職作品3d\debug\shushoku.2ed69552.tlog\link.write.1.tlog
